<?xml version="1.0" encoding="UTF-8"?>
<!-- Generated by org.testng.reporters.JUnitXMLReporter -->
<testsuite ignored="1" hostname="DESKTOP-KI65OIA" failures="0" tests="2" name="Run on Chrome" time="200.653" errors="0" timestamp="2023-11-30T10:11:43 ICT">
  <testcase classname="com.shopify.admin.UninstallApp" name="UninstallApp" time="99.733"/>
  <testcase classname="com.shopify.admin.InstallApp" name="InstallApp" time="90.812"/>
  <testcase classname="commons.BaseTest" name="@BeforeSuite initBeforeSuite" time="0.0">
    <ignored/>
  </testcase> <!-- @BeforeSuite initBeforeSuite -->
</testsuite> <!-- Run on Chrome -->
