<?xml version="1.0" encoding="UTF-8"?>
<!-- Generated by org.testng.reporters.JUnitXMLReporter -->
<testsuite hostname="DESKTOP-KI65OIA" ignored="1" name="Run on Chrome" tests="2" failures="0" timestamp="2023-10-16T11:27:01 ICT" time="132.273" errors="0">
  <testcase name="UninstallApp" time="68.427" classname="com.shopify.admin.UninstallApp"/>
  <testcase name="InstallApp" time="54.898" classname="com.shopify.admin.InstallApp"/>
  <testcase name="@BeforeSuite initBeforeSuite" time="0.0" classname="commons.BaseTest">
    <ignored/>
  </testcase> <!-- @BeforeSuite initBeforeSuite -->
</testsuite> <!-- Run on Chrome -->
