-------------------------------------------------------------------------------
Test set: TestSuite
-------------------------------------------------------------------------------
Tests run: 1, Failures: 1, Errors: 0, Skipped: 0, Time elapsed: 20.988 s <<< FAILURE! - in TestSuite
TC_01_CreateOrder(com.shopify.store.CreateOrders)  Time elapsed: 14.733 s  <<< FAILURE!
java.lang.AssertionError: expected [true] but found [false]
	at com.shopify.store.CreateOrders.TC_01_CreateOrder(CreateOrders.java:57)

