<?xml version="1.0" encoding="UTF-8"?>
<!-- Generated by org.testng.reporters.JUnitXMLReporter -->
<testsuite ignored="0" hostname="DESKTOP-KI65OIA" failures="1" tests="1" name="Run on Chrome" time="18.923" errors="0" timestamp="2023-12-04T09:47:31 ICT">
  <testcase classname="com.shopify.store.CreateOrders" name="TC_01_CreateOrder" time="14.485">
    <failure type="java.lang.AssertionError" message="expected [true] but found [false]">
      <![CDATA[java.lang.AssertionError: expected [true] but found [false]
at com.shopify.store.CreateOrders.TC_01_CreateOrder(CreateOrders.java:57)
at java.base/java.util.ArrayList.forEach(ArrayList.java:1541)
... Removed 35 stack frames]]>
    </failure>
  </testcase> <!-- TC_01_CreateOrder -->
</testsuite> <!-- Run on Chrome -->
